This file contains any messages produced by compilers while
running configure, to aid debugging if configure makes a mistake.

It was created by lsmcd configure 1.0.01, which was
generated by GNU Autoconf 2.69.  Invocation command line was

  $ ./configure 

## --------- ##
## Platform. ##
## --------- ##

hostname = linux-dduk
uname -m = x86_64
uname -r = 3.11.10-17-desktop
uname -s = Linux
uname -v = #1 SMP PREEMPT Mon Jun 16 15:28:13 UTC 2014 (fba7c1f)

/usr/bin/uname -p = x86_64
/bin/uname -X     = unknown

/bin/arch              = x86_64
/usr/bin/arch -k       = unknown
/usr/convex/getsysinfo = unknown
/usr/bin/hostinfo      = unknown
/bin/machine           = unknown
/usr/bin/oslevel       = unknown
/bin/universe          = unknown

PATH: /home/user/bin
PATH: /usr/local/bin
PATH: /usr/bin
PATH: /bin
PATH: /usr/bin/X11
PATH: /usr/X11R6/bin
PATH: /usr/games


## ----------- ##
## Core tests. ##
## ----------- ##

configure:2369: loading site script /usr/share/site/x86_64-unknown-linux-gnu
| #!/bin/sh
| # Site script for configure. It is resourced via $CONFIG_SITE environment varaible.
| 
| # If user did not specify libdir, guess the correct target:
| # Use lib64 for 64 bit bi-arch targets, keep the default for the rest.
| if test "$libdir" = '${exec_prefix}/lib' ; then
| 
| 	ac_config_site_64bit_host=NONE
| 
| 	case "$host" in
| 	"" )
| 		# User did not specify host target.
| 		# The native platform x86_64 is a bi-arch platform.
| 		# Try to detect cross-compilation to inferior architecture.
| 
| 		# We are trying to guess 32-bit target compilation. It's not as easy as
| 		# it sounds, as there is possible several intermediate combinations.
| 		ac_config_site_cross_to_32bit_host=NONE
| 
| 		# User defined -m32 in CFLAGS or CXXFLAGS:
| 		# (It's sufficient for 32-bit, but alone may cause mis-behavior of some checks.)
| 		case "$CFLAGS" in
| 		*-m32*)
| 			ac_config_site_cross_to_32bit_host=YES
| 			;;
| 		esac
| 		case "$CXXFLAGS" in
| 		*-m32*)
| 			ac_config_site_cross_to_32bit_host=YES
| 			;;
| 		esac
| 
| 		# Running with linux32:
| 		# (Changes detected platform, but not the toolchain target.)
| 		case "`/bin/uname -i`" in
| 		x86_64 | ppc64 | s390x )
| 			;;
| 		* )
| 			ac_config_site_cross_to_32bit_host=YES
| 			;;
| 		esac
| 
| 		if test "x$ac_config_site_cross_to_32bit_host" = xNONE; then
| 			ac_config_site_64bit_host=YES
| 		fi
| 
| 		;;
| 	*x86_64* | *ppc64* | *s390x* )
| 		ac_config_site_64bit_host=YES
| 		;;
| 	esac
| 
| 	if test "x$ac_config_site_64bit_host" = xYES; then
| 		libdir='${exec_prefix}/lib64'
| 	fi
| fi
| 
| # If user did not specify libexecdir, set the correct target:
| # Nor FHS nor openSUSE allow prefix/libexec. Let's default to prefix/lib.
| 
| if test "$libexecdir" = '${exec_prefix}/libexec' ; then
| 	libexecdir='${exec_prefix}/lib'
| fi
| 
| # Continue with the standard behavior of configure defined in AC_SITE_LOAD:
| if test "x$prefix" != xNONE; then
| 	ac_site_file1=$prefix/share/config.site
| 	ac_site_file2=$prefix/etc/config.site
| else
| 	ac_site_file1=$ac_default_prefix/share/config.site
| 	ac_site_file2=$ac_default_prefix/etc/config.site
| fi
| for ac_site_file in "$ac_site_file1" "$ac_site_file2"
| do
| 	test "x$ac_site_file" = xNONE && continue
| 	if test /dev/null != "$ac_site_file" && test -r "$ac_site_file"; then
| 		{ $as_echo "/usr/share/site/x86_64-unknown-linux-gnu:${as_lineno-$LINENO}: loading site script $ac_site_file" >&5
| $as_echo "/usr/share/site/x86_64-unknown-linux-gnu: loading site script $ac_site_file" >&6;}
| 		sed 's/^/| /' "$ac_site_file" >&5
| 		. "$ac_site_file" \
| 			|| { { $as_echo "/usr/share/site/x86_64-unknown-linux-gnu:${as_lineno-$LINENO}: error: in \`$ac_pwd':" >&5
| $as_echo "/usr/share/site/x86_64-unknown-linux-gnu: error: in \`$ac_pwd':" >&2;}
| as_fn_error $? "failed to load site script $ac_site_file
| See \`config.log' for more details" "$LINENO" 5; }
| 	fi
| done
configure:2518: checking for a BSD-compatible install
configure:2586: result: /usr/bin/install -c
configure:2601: checking for -p flag to install
configure:2614: result: yes
configure:2625: checking whether build environment is sane
configure:2680: result: yes
configure:2718: WARNING: 'missing' script is too old or missing
configure:2831: checking for a thread-safe mkdir -p
configure:2870: result: /usr/bin/mkdir -p
configure:2877: checking for gawk
configure:2893: found /usr/bin/gawk
configure:2904: result: gawk
configure:2915: checking whether make sets $(MAKE)
configure:2937: result: yes
configure:2966: checking whether make supports nested variables
configure:2983: result: yes
configure:3067: checking whether make sets $(MAKE)
configure:3089: result: yes
configure:3105: checking for gawk
configure:3132: result: gawk
configure:3201: checking for g++
configure:3217: found /usr/bin/g++
configure:3228: result: g++
configure:3255: checking for C++ compiler version
configure:3264: g++ --version >&5
g++ (SUSE Linux) 4.8.1 20130909 [gcc-4_8-branch revision 202388]
Copyright (C) 2013 Free Software Foundation, Inc.
This is free software; see the source for copying conditions.  There is NO
warranty; not even for MERCHANTABILITY or FITNESS FOR A PARTICULAR PURPOSE.

configure:3275: $? = 0
configure:3264: g++ -v >&5
Using built-in specs.
COLLECT_GCC=g++
COLLECT_LTO_WRAPPER=/usr/lib64/gcc/x86_64-suse-linux/4.8/lto-wrapper
Target: x86_64-suse-linux
Configured with: ../configure --prefix=/usr --infodir=/usr/share/info --mandir=/usr/share/man --libdir=/usr/lib64 --libexecdir=/usr/lib64 --enable-languages=c,c++,objc,fortran,obj-c++,java,ada --enable-checking=release --with-gxx-include-dir=/usr/include/c++/4.8 --enable-ssp --disable-libssp --disable-plugin --with-bugurl=http://bugs.opensuse.org/ --with-pkgversion='SUSE Linux' --disable-libgcj --disable-libmudflap --with-slibdir=/lib64 --with-system-zlib --enable-__cxa_atexit --enable-libstdcxx-allocator=new --disable-libstdcxx-pch --enable-version-specific-runtime-libs --enable-linker-build-id --program-suffix=-4.8 --enable-linux-futex --without-system-libunwind --with-arch-32=i586 --with-tune=generic --build=x86_64-suse-linux
Thread model: posix
gcc version 4.8.1 20130909 [gcc-4_8-branch revision 202388] (SUSE Linux) 
configure:3275: $? = 0
configure:3264: g++ -V >&5
g++: error: unrecognized command line option '-V'
g++: fatal error: no input files
compilation terminated.
configure:3275: $? = 1
configure:3264: g++ -qversion >&5
g++: error: unrecognized command line option '-qversion'
g++: fatal error: no input files
compilation terminated.
configure:3275: $? = 1
configure:3295: checking whether the C++ compiler works
configure:3317: g++    conftest.cpp  >&5
configure:3321: $? = 0
configure:3369: result: yes
configure:3372: checking for C++ compiler default output file name
configure:3374: result: a.out
configure:3380: checking for suffix of executables
configure:3387: g++ -o conftest    conftest.cpp  >&5
configure:3391: $? = 0
configure:3413: result: 
configure:3435: checking whether we are cross compiling
configure:3443: g++ -o conftest    conftest.cpp  >&5
configure:3447: $? = 0
configure:3454: ./conftest
configure:3458: $? = 0
configure:3473: result: no
configure:3478: checking for suffix of object files
configure:3500: g++ -c   conftest.cpp >&5
configure:3504: $? = 0
configure:3525: result: o
configure:3529: checking whether we are using the GNU C++ compiler
configure:3548: g++ -c   conftest.cpp >&5
configure:3548: $? = 0
configure:3557: result: yes
configure:3566: checking whether g++ accepts -g
configure:3586: g++ -c -g  conftest.cpp >&5
configure:3586: $? = 0
configure:3627: result: yes
configure:3661: checking for style of include used by make
configure:3689: result: GNU
configure:3715: checking dependency style of g++
configure:3826: result: gcc3
configure:3889: checking for gcc
configure:3905: found /usr/bin/gcc
configure:3916: result: gcc
configure:4145: checking for C compiler version
configure:4154: gcc --version >&5
gcc (SUSE Linux) 4.8.1 20130909 [gcc-4_8-branch revision 202388]
Copyright (C) 2013 Free Software Foundation, Inc.
This is free software; see the source for copying conditions.  There is NO
warranty; not even for MERCHANTABILITY or FITNESS FOR A PARTICULAR PURPOSE.

configure:4165: $? = 0
configure:4154: gcc -v >&5
Using built-in specs.
COLLECT_GCC=gcc
COLLECT_LTO_WRAPPER=/usr/lib64/gcc/x86_64-suse-linux/4.8/lto-wrapper
Target: x86_64-suse-linux
Configured with: ../configure --prefix=/usr --infodir=/usr/share/info --mandir=/usr/share/man --libdir=/usr/lib64 --libexecdir=/usr/lib64 --enable-languages=c,c++,objc,fortran,obj-c++,java,ada --enable-checking=release --with-gxx-include-dir=/usr/include/c++/4.8 --enable-ssp --disable-libssp --disable-plugin --with-bugurl=http://bugs.opensuse.org/ --with-pkgversion='SUSE Linux' --disable-libgcj --disable-libmudflap --with-slibdir=/lib64 --with-system-zlib --enable-__cxa_atexit --enable-libstdcxx-allocator=new --disable-libstdcxx-pch --enable-version-specific-runtime-libs --enable-linker-build-id --program-suffix=-4.8 --enable-linux-futex --without-system-libunwind --with-arch-32=i586 --with-tune=generic --build=x86_64-suse-linux
Thread model: posix
gcc version 4.8.1 20130909 [gcc-4_8-branch revision 202388] (SUSE Linux) 
configure:4165: $? = 0
configure:4154: gcc -V >&5
gcc: error: unrecognized command line option '-V'
gcc: fatal error: no input files
compilation terminated.
configure:4165: $? = 1
configure:4154: gcc -qversion >&5
gcc: error: unrecognized command line option '-qversion'
gcc: fatal error: no input files
compilation terminated.
configure:4165: $? = 1
configure:4169: checking whether we are using the GNU C compiler
configure:4188: gcc -c   conftest.c >&5
configure:4188: $? = 0
configure:4197: result: yes
configure:4206: checking whether gcc accepts -g
configure:4226: gcc -c -g  conftest.c >&5
configure:4226: $? = 0
configure:4267: result: yes
configure:4284: checking for gcc option to accept ISO C89
configure:4347: gcc  -c -g -O2  conftest.c >&5
configure:4347: $? = 0
configure:4360: result: none needed
configure:4382: checking dependency style of gcc
configure:4493: result: gcc3
configure:4509: checking whether ln -s works
configure:4513: result: yes
configure:4520: checking whether make sets $(MAKE)
configure:4542: result: yes
configure:4594: checking for ranlib
configure:4610: found /usr/bin/ranlib
configure:4621: result: ranlib
configure:4653: checking how to run the C preprocessor
configure:4684: gcc -E  conftest.c
configure:4684: $? = 0
configure:4698: gcc -E  conftest.c
conftest.c:9:28: fatal error: ac_nonexistent.h: No such file or directory
 #include <ac_nonexistent.h>
                            ^
compilation terminated.
configure:4698: $? = 1
configure: failed program was:
| /* confdefs.h */
| #define PACKAGE_NAME "lsmcd"
| #define PACKAGE_TARNAME "lsmcd"
| #define PACKAGE_VERSION "1.0.01"
| #define PACKAGE_STRING "lsmcd 1.0.01"
| #define PACKAGE_BUGREPORT "info@litespeedtech.com"
| #define PACKAGE_URL "http://www.litespeedtech.com/"
| /* end confdefs.h.  */
| #include <ac_nonexistent.h>
configure:4723: result: gcc -E
configure:4743: gcc -E  conftest.c
configure:4743: $? = 0
configure:4757: gcc -E  conftest.c
conftest.c:9:28: fatal error: ac_nonexistent.h: No such file or directory
 #include <ac_nonexistent.h>
                            ^
compilation terminated.
configure:4757: $? = 1
configure: failed program was:
| /* confdefs.h */
| #define PACKAGE_NAME "lsmcd"
| #define PACKAGE_TARNAME "lsmcd"
| #define PACKAGE_VERSION "1.0.01"
| #define PACKAGE_STRING "lsmcd 1.0.01"
| #define PACKAGE_BUGREPORT "info@litespeedtech.com"
| #define PACKAGE_URL "http://www.litespeedtech.com/"
| /* end confdefs.h.  */
| #include <ac_nonexistent.h>
configure:4786: checking for grep that handles long lines and -e
configure:4844: result: /usr/bin/grep
configure:4849: checking for egrep
configure:4911: result: /usr/bin/grep -E
configure:4916: checking for ANSI C header files
configure:4936: gcc -c -g -O2  conftest.c >&5
configure:4936: $? = 0
configure:5009: gcc -o conftest -g -O2   conftest.c  >&5
configure:5009: $? = 0
configure:5009: ./conftest
configure:5009: $? = 0
configure:5020: result: yes
configure:5033: checking for sys/types.h
configure:5033: gcc -c -g -O2  conftest.c >&5
configure:5033: $? = 0
configure:5033: result: yes
configure:5033: checking for sys/stat.h
configure:5033: gcc -c -g -O2  conftest.c >&5
configure:5033: $? = 0
configure:5033: result: yes
configure:5033: checking for stdlib.h
configure:5033: gcc -c -g -O2  conftest.c >&5
configure:5033: $? = 0
configure:5033: result: yes
configure:5033: checking for string.h
configure:5033: gcc -c -g -O2  conftest.c >&5
configure:5033: $? = 0
configure:5033: result: yes
configure:5033: checking for memory.h
configure:5033: gcc -c -g -O2  conftest.c >&5
configure:5033: $? = 0
configure:5033: result: yes
configure:5033: checking for strings.h
configure:5033: gcc -c -g -O2  conftest.c >&5
configure:5033: $? = 0
configure:5033: result: yes
configure:5033: checking for inttypes.h
configure:5033: gcc -c -g -O2  conftest.c >&5
configure:5033: $? = 0
configure:5033: result: yes
configure:5033: checking for stdint.h
configure:5033: gcc -c -g -O2  conftest.c >&5
configure:5033: $? = 0
configure:5033: result: yes
configure:5033: checking for unistd.h
configure:5033: gcc -c -g -O2  conftest.c >&5
configure:5033: $? = 0
configure:5033: result: yes
configure:5048: checking arpa/inet.h usability
configure:5048: gcc -c -g -O2  conftest.c >&5
configure:5048: $? = 0
configure:5048: result: yes
configure:5048: checking arpa/inet.h presence
configure:5048: gcc -E  conftest.c
configure:5048: $? = 0
configure:5048: result: yes
configure:5048: checking for arpa/inet.h
configure:5048: result: yes
configure:5048: checking fcntl.h usability
configure:5048: gcc -c -g -O2  conftest.c >&5
configure:5048: $? = 0
configure:5048: result: yes
configure:5048: checking fcntl.h presence
configure:5048: gcc -E  conftest.c
configure:5048: $? = 0
configure:5048: result: yes
configure:5048: checking for fcntl.h
configure:5048: result: yes
configure:5048: checking for inttypes.h
configure:5048: result: yes
configure:5048: checking limits.h usability
configure:5048: gcc -c -g -O2  conftest.c >&5
configure:5048: $? = 0
configure:5048: result: yes
configure:5048: checking limits.h presence
configure:5048: gcc -E  conftest.c
configure:5048: $? = 0
configure:5048: result: yes
configure:5048: checking for limits.h
configure:5048: result: yes
configure:5048: checking netdb.h usability
configure:5048: gcc -c -g -O2  conftest.c >&5
configure:5048: $? = 0
configure:5048: result: yes
configure:5048: checking netdb.h presence
configure:5048: gcc -E  conftest.c
configure:5048: $? = 0
configure:5048: result: yes
configure:5048: checking for netdb.h
configure:5048: result: yes
configure:5048: checking netinet/in.h usability
configure:5048: gcc -c -g -O2  conftest.c >&5
configure:5048: $? = 0
configure:5048: result: yes
configure:5048: checking netinet/in.h presence
configure:5048: gcc -E  conftest.c
configure:5048: $? = 0
configure:5048: result: yes
configure:5048: checking for netinet/in.h
configure:5048: result: yes
configure:5048: checking stddef.h usability
configure:5048: gcc -c -g -O2  conftest.c >&5
configure:5048: $? = 0
configure:5048: result: yes
configure:5048: checking stddef.h presence
configure:5048: gcc -E  conftest.c
configure:5048: $? = 0
configure:5048: result: yes
configure:5048: checking for stddef.h
configure:5048: result: yes
configure:5048: checking for stdlib.h
configure:5048: result: yes
configure:5048: checking for string.h
configure:5048: result: yes
configure:5048: checking for strings.h
configure:5048: result: yes
configure:5048: checking sys/ioctl.h usability
configure:5048: gcc -c -g -O2  conftest.c >&5
configure:5048: $? = 0
configure:5048: result: yes
configure:5048: checking sys/ioctl.h presence
configure:5048: gcc -E  conftest.c
configure:5048: $? = 0
configure:5048: result: yes
configure:5048: checking for sys/ioctl.h
configure:5048: result: yes
configure:5048: checking sys/param.h usability
configure:5048: gcc -c -g -O2  conftest.c >&5
configure:5048: $? = 0
configure:5048: result: yes
configure:5048: checking sys/param.h presence
configure:5048: gcc -E  conftest.c
configure:5048: $? = 0
configure:5048: result: yes
configure:5048: checking for sys/param.h
configure:5048: result: yes
configure:5048: checking sys/socket.h usability
configure:5048: gcc -c -g -O2  conftest.c >&5
configure:5048: $? = 0
configure:5048: result: yes
configure:5048: checking sys/socket.h presence
configure:5048: gcc -E  conftest.c
configure:5048: $? = 0
configure:5048: result: yes
configure:5048: checking for sys/socket.h
configure:5048: result: yes
configure:5048: checking sys/time.h usability
configure:5048: gcc -c -g -O2  conftest.c >&5
configure:5048: $? = 0
configure:5048: result: yes
configure:5048: checking sys/time.h presence
configure:5048: gcc -E  conftest.c
configure:5048: $? = 0
configure:5048: result: yes
configure:5048: checking for sys/time.h
configure:5048: result: yes
configure:5048: checking for unistd.h
configure:5048: result: yes
configure:5060: checking whether to enable assertions
configure:5078: result: yes
configure:5136: checking if zlib is wanted
configure:5156: result: yes
configure:5183: checking for inflateEnd in -lz
configure:5208: gcc -o conftest -g -O2 -fstack-protector    -I/usr/include  -L/usr/lib64 conftest.c -lz   >&5
configure:5208: $? = 0
configure:5217: result: yes
configure:5225: checking zlib.h usability
configure:5225: gcc -c -g -O2 -fstack-protector    -I/usr/include conftest.c >&5
configure:5225: $? = 0
configure:5225: result: yes
configure:5225: checking zlib.h presence
configure:5225: gcc -E  -I/usr/include conftest.c
configure:5225: $? = 0
configure:5225: result: yes
configure:5225: checking for zlib.h
configure:5225: result: yes
configure:5244: checking for inflateEnd in -lz
configure:5278: result: yes
configure:5289: checking zlib in /usr
configure:5291: result: ok
configure:5336: checking for openssl/ssl.h in /usr/local
configure:5346: result: no
configure:5336: checking for openssl/ssl.h in /usr/local/ssl
configure:5346: result: no
configure:5336: checking for openssl/ssl.h in /usr
configure:5342: result: yes
configure:5355: checking whether compiling and linking against OpenSSL works
Trying link with OPENSSL_LDFLAGS=/usr/lib64; OPENSSL_LIBS=-lssl -lcrypto; OPENSSL_INCLUDES=-I/usr/include
configure:5381: gcc -o conftest -g -O2 -fstack-protector   -I/usr/include  -I/usr/include -L/usr/lib64  -L/usr/lib64 -Wl,-rpath,/usr/lib64 conftest.c -lssl -lcrypto -lz  >&5
configure:5381: $? = 0
configure:5383: result: yes
configure:5435: checking lib pcre
configure:5451: result: (testing)
configure:5453: checking for pcre_study in -lpcre
configure:5478: gcc -o conftest -g -O2 -fstack-protector    -I/usr/include -L/usr/lib64  -L/usr/lib64 -Wl,-rpath,/usr/lib64 conftest.c -lpcre  -lssl -lcrypto -lz  >&5
configure:5478: $? = 0
configure:5487: result: yes
configure:5506: checking lib64 pcre
configure:5508: result: -lpcre
configure:5668: checking for Expat XML Parser headers in /usr/include
configure:5692: g++ -c -g -O2 -fstack-protector    -I/usr/include -I/usr/include conftest.cpp >&5
configure:5692: $? = 0
configure:5696: result: found
configure:5717: checking for Expat XML Parser libraries
configure:5745: g++ -o conftest -g -O2 -fstack-protector    -I/usr/include -I/usr/include -L/usr/lib64  -L/usr/lib64 -Wl,-rpath,/usr/lib64 conftest.cpp -L/usr/lib64  -L/usr/lib64 -Wl,-rpath,/usr/lib64 -L/usr/lib64 -lexpat >&5
configure:5745: $? = 0
configure:5749: result: found
configure:5774: checking for Expat XML Parser
configure:5788: result: yes
configure:5797: checking if Expat XML Parser version is >= 0.5
configure:5834: result: yes
configure:5862: checking for GeoIP_id_by_addr in -lGeoIP
configure:5887: gcc -o conftest -g -O2 -fstack-protector    -I/usr/include -L/usr/lib64  -L/usr/lib64 -Wl,-rpath,/usr/lib64 conftest.c -lGeoIP  -L/usr/lib64  -L/usr/lib64 -Wl,-rpath,/usr/lib64 -L/usr/lib64 -lexpat >&5
configure:5887: $? = 0
configure:5896: result: yes
configure:5907: checking for crypt in -lcrypt
configure:5932: gcc -o conftest -g -O2 -fstack-protector    -I/usr/include -L/usr/lib64  -L/usr/lib64 -Wl,-rpath,/usr/lib64 conftest.c -lcrypt  -lGeoIP -L/usr/lib64  -L/usr/lib64 -Wl,-rpath,/usr/lib64 -L/usr/lib64 -lexpat >&5
configure:5932: $? = 0
configure:5941: result: yes
configure:5950: checking for stdbool.h that conforms to C99
configure:6017: gcc -c -g -O2 -fstack-protector    -I/usr/include conftest.c >&5
configure:6017: $? = 0
configure:6024: result: yes
configure:6026: checking for _Bool
configure:6026: gcc -c -g -O2 -fstack-protector    -I/usr/include conftest.c >&5
configure:6026: $? = 0
configure:6026: gcc -c -g -O2 -fstack-protector    -I/usr/include conftest.c >&5
conftest.c: In function 'main':
conftest.c:73:20: error: expected expression before ')' token
 if (sizeof ((_Bool)))
                    ^
configure:6026: $? = 1
configure: failed program was:
| /* confdefs.h */
| #define PACKAGE_NAME "lsmcd"
| #define PACKAGE_TARNAME "lsmcd"
| #define PACKAGE_VERSION "1.0.01"
| #define PACKAGE_STRING "lsmcd 1.0.01"
| #define PACKAGE_BUGREPORT "info@litespeedtech.com"
| #define PACKAGE_URL "http://www.litespeedtech.com/"
| #define STDC_HEADERS 1
| #define HAVE_SYS_TYPES_H 1
| #define HAVE_SYS_STAT_H 1
| #define HAVE_STDLIB_H 1
| #define HAVE_STRING_H 1
| #define HAVE_MEMORY_H 1
| #define HAVE_STRINGS_H 1
| #define HAVE_INTTYPES_H 1
| #define HAVE_STDINT_H 1
| #define HAVE_UNISTD_H 1
| #define HAVE_ARPA_INET_H 1
| #define HAVE_FCNTL_H 1
| #define HAVE_INTTYPES_H 1
| #define HAVE_LIMITS_H 1
| #define HAVE_NETDB_H 1
| #define HAVE_NETINET_IN_H 1
| #define HAVE_STDDEF_H 1
| #define HAVE_STDLIB_H 1
| #define HAVE_STRING_H 1
| #define HAVE_STRINGS_H 1
| #define HAVE_SYS_IOCTL_H 1
| #define HAVE_SYS_PARAM_H 1
| #define HAVE_SYS_SOCKET_H 1
| #define HAVE_SYS_TIME_H 1
| #define HAVE_UNISTD_H 1
| #define HAVE_LIBZ 1
| #define HAVE_LIBPCRE 1
| #define HAVE_LIBGEOIP 1
| /* end confdefs.h.  */
| #include <stdio.h>
| #ifdef HAVE_SYS_TYPES_H
| # include <sys/types.h>
| #endif
| #ifdef HAVE_SYS_STAT_H
| # include <sys/stat.h>
| #endif
| #ifdef STDC_HEADERS
| # include <stdlib.h>
| # include <stddef.h>
| #else
| # ifdef HAVE_STDLIB_H
| #  include <stdlib.h>
| # endif
| #endif
| #ifdef HAVE_STRING_H
| # if !defined STDC_HEADERS && defined HAVE_MEMORY_H
| #  include <memory.h>
| # endif
| # include <string.h>
| #endif
| #ifdef HAVE_STRINGS_H
| # include <strings.h>
| #endif
| #ifdef HAVE_INTTYPES_H
| # include <inttypes.h>
| #endif
| #ifdef HAVE_STDINT_H
| # include <stdint.h>
| #endif
| #ifdef HAVE_UNISTD_H
| # include <unistd.h>
| #endif
| int
| main ()
| {
| if (sizeof ((_Bool)))
| 	    return 0;
|   ;
|   return 0;
| }
configure:6026: result: yes
configure:6037: checking for uid_t in sys/types.h
configure:6056: result: yes
configure:6067: checking for inline
configure:6083: gcc -c -g -O2 -fstack-protector    -I/usr/include conftest.c >&5
configure:6083: $? = 0
configure:6091: result: inline
configure:6109: checking for int16_t
configure:6109: gcc -c -g -O2 -fstack-protector    -I/usr/include conftest.c >&5
configure:6109: $? = 0
configure:6109: gcc -c -g -O2 -fstack-protector    -I/usr/include conftest.c >&5
conftest.c: In function 'main':
conftest.c:75:12: error: size of array 'test_array' is negative
 static int test_array [1 - 2 * !((int16_t) (((((int16_t) 1 << N) << N) - 1) * 2 + 1)
            ^
configure:6109: $? = 1
configure: failed program was:
| /* confdefs.h */
| #define PACKAGE_NAME "lsmcd"
| #define PACKAGE_TARNAME "lsmcd"
| #define PACKAGE_VERSION "1.0.01"
| #define PACKAGE_STRING "lsmcd 1.0.01"
| #define PACKAGE_BUGREPORT "info@litespeedtech.com"
| #define PACKAGE_URL "http://www.litespeedtech.com/"
| #define STDC_HEADERS 1
| #define HAVE_SYS_TYPES_H 1
| #define HAVE_SYS_STAT_H 1
| #define HAVE_STDLIB_H 1
| #define HAVE_STRING_H 1
| #define HAVE_MEMORY_H 1
| #define HAVE_STRINGS_H 1
| #define HAVE_INTTYPES_H 1
| #define HAVE_STDINT_H 1
| #define HAVE_UNISTD_H 1
| #define HAVE_ARPA_INET_H 1
| #define HAVE_FCNTL_H 1
| #define HAVE_INTTYPES_H 1
| #define HAVE_LIMITS_H 1
| #define HAVE_NETDB_H 1
| #define HAVE_NETINET_IN_H 1
| #define HAVE_STDDEF_H 1
| #define HAVE_STDLIB_H 1
| #define HAVE_STRING_H 1
| #define HAVE_STRINGS_H 1
| #define HAVE_SYS_IOCTL_H 1
| #define HAVE_SYS_PARAM_H 1
| #define HAVE_SYS_SOCKET_H 1
| #define HAVE_SYS_TIME_H 1
| #define HAVE_UNISTD_H 1
| #define HAVE_LIBZ 1
| #define HAVE_LIBPCRE 1
| #define HAVE_LIBGEOIP 1
| #define HAVE__BOOL 1
| /* end confdefs.h.  */
| #include <stdio.h>
| #ifdef HAVE_SYS_TYPES_H
| # include <sys/types.h>
| #endif
| #ifdef HAVE_SYS_STAT_H
| # include <sys/stat.h>
| #endif
| #ifdef STDC_HEADERS
| # include <stdlib.h>
| # include <stddef.h>
| #else
| # ifdef HAVE_STDLIB_H
| #  include <stdlib.h>
| # endif
| #endif
| #ifdef HAVE_STRING_H
| # if !defined STDC_HEADERS && defined HAVE_MEMORY_H
| #  include <memory.h>
| # endif
| # include <string.h>
| #endif
| #ifdef HAVE_STRINGS_H
| # include <strings.h>
| #endif
| #ifdef HAVE_INTTYPES_H
| # include <inttypes.h>
| #endif
| #ifdef HAVE_STDINT_H
| # include <stdint.h>
| #endif
| #ifdef HAVE_UNISTD_H
| # include <unistd.h>
| #endif
| 	        enum { N = 16 / 2 - 1 };
| int
| main ()
| {
| static int test_array [1 - 2 * !((int16_t) (((((int16_t) 1 << N) << N) - 1) * 2 + 1)
| 		 < (int16_t) (((((int16_t) 1 << N) << N) - 1) * 2 + 2))];
| test_array [0] = 0;
| return test_array [0];
| 
|   ;
|   return 0;
| }
configure:6109: result: yes
configure:6120: checking for int32_t
configure:6120: gcc -c -g -O2 -fstack-protector    -I/usr/include conftest.c >&5
configure:6120: $? = 0
configure:6120: gcc -c -g -O2 -fstack-protector    -I/usr/include conftest.c >&5
conftest.c: In function 'main':
conftest.c:76:53: warning: integer overflow in expression [-Woverflow]
    < (int32_t) (((((int32_t) 1 << N) << N) - 1) * 2 + 2))];
                                                     ^
conftest.c:75:12: error: storage size of 'test_array' isn't constant
 static int test_array [1 - 2 * !((int32_t) (((((int32_t) 1 << N) << N) - 1) * 2 + 1)
            ^
configure:6120: $? = 1
configure: failed program was:
| /* confdefs.h */
| #define PACKAGE_NAME "lsmcd"
| #define PACKAGE_TARNAME "lsmcd"
| #define PACKAGE_VERSION "1.0.01"
| #define PACKAGE_STRING "lsmcd 1.0.01"
| #define PACKAGE_BUGREPORT "info@litespeedtech.com"
| #define PACKAGE_URL "http://www.litespeedtech.com/"
| #define STDC_HEADERS 1
| #define HAVE_SYS_TYPES_H 1
| #define HAVE_SYS_STAT_H 1
| #define HAVE_STDLIB_H 1
| #define HAVE_STRING_H 1
| #define HAVE_MEMORY_H 1
| #define HAVE_STRINGS_H 1
| #define HAVE_INTTYPES_H 1
| #define HAVE_STDINT_H 1
| #define HAVE_UNISTD_H 1
| #define HAVE_ARPA_INET_H 1
| #define HAVE_FCNTL_H 1
| #define HAVE_INTTYPES_H 1
| #define HAVE_LIMITS_H 1
| #define HAVE_NETDB_H 1
| #define HAVE_NETINET_IN_H 1
| #define HAVE_STDDEF_H 1
| #define HAVE_STDLIB_H 1
| #define HAVE_STRING_H 1
| #define HAVE_STRINGS_H 1
| #define HAVE_SYS_IOCTL_H 1
| #define HAVE_SYS_PARAM_H 1
| #define HAVE_SYS_SOCKET_H 1
| #define HAVE_SYS_TIME_H 1
| #define HAVE_UNISTD_H 1
| #define HAVE_LIBZ 1
| #define HAVE_LIBPCRE 1
| #define HAVE_LIBGEOIP 1
| #define HAVE__BOOL 1
| /* end confdefs.h.  */
| #include <stdio.h>
| #ifdef HAVE_SYS_TYPES_H
| # include <sys/types.h>
| #endif
| #ifdef HAVE_SYS_STAT_H
| # include <sys/stat.h>
| #endif
| #ifdef STDC_HEADERS
| # include <stdlib.h>
| # include <stddef.h>
| #else
| # ifdef HAVE_STDLIB_H
| #  include <stdlib.h>
| # endif
| #endif
| #ifdef HAVE_STRING_H
| # if !defined STDC_HEADERS && defined HAVE_MEMORY_H
| #  include <memory.h>
| # endif
| # include <string.h>
| #endif
| #ifdef HAVE_STRINGS_H
| # include <strings.h>
| #endif
| #ifdef HAVE_INTTYPES_H
| # include <inttypes.h>
| #endif
| #ifdef HAVE_STDINT_H
| # include <stdint.h>
| #endif
| #ifdef HAVE_UNISTD_H
| # include <unistd.h>
| #endif
| 	        enum { N = 32 / 2 - 1 };
| int
| main ()
| {
| static int test_array [1 - 2 * !((int32_t) (((((int32_t) 1 << N) << N) - 1) * 2 + 1)
| 		 < (int32_t) (((((int32_t) 1 << N) << N) - 1) * 2 + 2))];
| test_array [0] = 0;
| return test_array [0];
| 
|   ;
|   return 0;
| }
configure:6120: result: yes
configure:6131: checking for int8_t
configure:6131: gcc -c -g -O2 -fstack-protector    -I/usr/include conftest.c >&5
configure:6131: $? = 0
configure:6131: gcc -c -g -O2 -fstack-protector    -I/usr/include conftest.c >&5
conftest.c: In function 'main':
conftest.c:75:12: error: size of array 'test_array' is negative
 static int test_array [1 - 2 * !((int8_t) (((((int8_t) 1 << N) << N) - 1) * 2 + 1)
            ^
configure:6131: $? = 1
configure: failed program was:
| /* confdefs.h */
| #define PACKAGE_NAME "lsmcd"
| #define PACKAGE_TARNAME "lsmcd"
| #define PACKAGE_VERSION "1.0.01"
| #define PACKAGE_STRING "lsmcd 1.0.01"
| #define PACKAGE_BUGREPORT "info@litespeedtech.com"
| #define PACKAGE_URL "http://www.litespeedtech.com/"
| #define STDC_HEADERS 1
| #define HAVE_SYS_TYPES_H 1
| #define HAVE_SYS_STAT_H 1
| #define HAVE_STDLIB_H 1
| #define HAVE_STRING_H 1
| #define HAVE_MEMORY_H 1
| #define HAVE_STRINGS_H 1
| #define HAVE_INTTYPES_H 1
| #define HAVE_STDINT_H 1
| #define HAVE_UNISTD_H 1
| #define HAVE_ARPA_INET_H 1
| #define HAVE_FCNTL_H 1
| #define HAVE_INTTYPES_H 1
| #define HAVE_LIMITS_H 1
| #define HAVE_NETDB_H 1
| #define HAVE_NETINET_IN_H 1
| #define HAVE_STDDEF_H 1
| #define HAVE_STDLIB_H 1
| #define HAVE_STRING_H 1
| #define HAVE_STRINGS_H 1
| #define HAVE_SYS_IOCTL_H 1
| #define HAVE_SYS_PARAM_H 1
| #define HAVE_SYS_SOCKET_H 1
| #define HAVE_SYS_TIME_H 1
| #define HAVE_UNISTD_H 1
| #define HAVE_LIBZ 1
| #define HAVE_LIBPCRE 1
| #define HAVE_LIBGEOIP 1
| #define HAVE__BOOL 1
| /* end confdefs.h.  */
| #include <stdio.h>
| #ifdef HAVE_SYS_TYPES_H
| # include <sys/types.h>
| #endif
| #ifdef HAVE_SYS_STAT_H
| # include <sys/stat.h>
| #endif
| #ifdef STDC_HEADERS
| # include <stdlib.h>
| # include <stddef.h>
| #else
| # ifdef HAVE_STDLIB_H
| #  include <stdlib.h>
| # endif
| #endif
| #ifdef HAVE_STRING_H
| # if !defined STDC_HEADERS && defined HAVE_MEMORY_H
| #  include <memory.h>
| # endif
| # include <string.h>
| #endif
| #ifdef HAVE_STRINGS_H
| # include <strings.h>
| #endif
| #ifdef HAVE_INTTYPES_H
| # include <inttypes.h>
| #endif
| #ifdef HAVE_STDINT_H
| # include <stdint.h>
| #endif
| #ifdef HAVE_UNISTD_H
| # include <unistd.h>
| #endif
| 	        enum { N = 8 / 2 - 1 };
| int
| main ()
| {
| static int test_array [1 - 2 * !((int8_t) (((((int8_t) 1 << N) << N) - 1) * 2 + 1)
| 		 < (int8_t) (((((int8_t) 1 << N) << N) - 1) * 2 + 2))];
| test_array [0] = 0;
| return test_array [0];
| 
|   ;
|   return 0;
| }
configure:6131: result: yes
configure:6142: checking for mode_t
configure:6142: gcc -c -g -O2 -fstack-protector    -I/usr/include conftest.c >&5
configure:6142: $? = 0
configure:6142: gcc -c -g -O2 -fstack-protector    -I/usr/include conftest.c >&5
conftest.c: In function 'main':
conftest.c:74:21: error: expected expression before ')' token
 if (sizeof ((mode_t)))
                     ^
configure:6142: $? = 1
configure: failed program was:
| /* confdefs.h */
| #define PACKAGE_NAME "lsmcd"
| #define PACKAGE_TARNAME "lsmcd"
| #define PACKAGE_VERSION "1.0.01"
| #define PACKAGE_STRING "lsmcd 1.0.01"
| #define PACKAGE_BUGREPORT "info@litespeedtech.com"
| #define PACKAGE_URL "http://www.litespeedtech.com/"
| #define STDC_HEADERS 1
| #define HAVE_SYS_TYPES_H 1
| #define HAVE_SYS_STAT_H 1
| #define HAVE_STDLIB_H 1
| #define HAVE_STRING_H 1
| #define HAVE_MEMORY_H 1
| #define HAVE_STRINGS_H 1
| #define HAVE_INTTYPES_H 1
| #define HAVE_STDINT_H 1
| #define HAVE_UNISTD_H 1
| #define HAVE_ARPA_INET_H 1
| #define HAVE_FCNTL_H 1
| #define HAVE_INTTYPES_H 1
| #define HAVE_LIMITS_H 1
| #define HAVE_NETDB_H 1
| #define HAVE_NETINET_IN_H 1
| #define HAVE_STDDEF_H 1
| #define HAVE_STDLIB_H 1
| #define HAVE_STRING_H 1
| #define HAVE_STRINGS_H 1
| #define HAVE_SYS_IOCTL_H 1
| #define HAVE_SYS_PARAM_H 1
| #define HAVE_SYS_SOCKET_H 1
| #define HAVE_SYS_TIME_H 1
| #define HAVE_UNISTD_H 1
| #define HAVE_LIBZ 1
| #define HAVE_LIBPCRE 1
| #define HAVE_LIBGEOIP 1
| #define HAVE__BOOL 1
| /* end confdefs.h.  */
| #include <stdio.h>
| #ifdef HAVE_SYS_TYPES_H
| # include <sys/types.h>
| #endif
| #ifdef HAVE_SYS_STAT_H
| # include <sys/stat.h>
| #endif
| #ifdef STDC_HEADERS
| # include <stdlib.h>
| # include <stddef.h>
| #else
| # ifdef HAVE_STDLIB_H
| #  include <stdlib.h>
| # endif
| #endif
| #ifdef HAVE_STRING_H
| # if !defined STDC_HEADERS && defined HAVE_MEMORY_H
| #  include <memory.h>
| # endif
| # include <string.h>
| #endif
| #ifdef HAVE_STRINGS_H
| # include <strings.h>
| #endif
| #ifdef HAVE_INTTYPES_H
| # include <inttypes.h>
| #endif
| #ifdef HAVE_STDINT_H
| # include <stdint.h>
| #endif
| #ifdef HAVE_UNISTD_H
| # include <unistd.h>
| #endif
| int
| main ()
| {
| if (sizeof ((mode_t)))
| 	    return 0;
|   ;
|   return 0;
| }
configure:6142: result: yes
configure:6153: checking for off_t
configure:6153: gcc -c -g -O2 -fstack-protector    -I/usr/include conftest.c >&5
configure:6153: $? = 0
configure:6153: gcc -c -g -O2 -fstack-protector    -I/usr/include conftest.c >&5
conftest.c: In function 'main':
conftest.c:74:20: error: expected expression before ')' token
 if (sizeof ((off_t)))
                    ^
configure:6153: $? = 1
configure: failed program was:
| /* confdefs.h */
| #define PACKAGE_NAME "lsmcd"
| #define PACKAGE_TARNAME "lsmcd"
| #define PACKAGE_VERSION "1.0.01"
| #define PACKAGE_STRING "lsmcd 1.0.01"
| #define PACKAGE_BUGREPORT "info@litespeedtech.com"
| #define PACKAGE_URL "http://www.litespeedtech.com/"
| #define STDC_HEADERS 1
| #define HAVE_SYS_TYPES_H 1
| #define HAVE_SYS_STAT_H 1
| #define HAVE_STDLIB_H 1
| #define HAVE_STRING_H 1
| #define HAVE_MEMORY_H 1
| #define HAVE_STRINGS_H 1
| #define HAVE_INTTYPES_H 1
| #define HAVE_STDINT_H 1
| #define HAVE_UNISTD_H 1
| #define HAVE_ARPA_INET_H 1
| #define HAVE_FCNTL_H 1
| #define HAVE_INTTYPES_H 1
| #define HAVE_LIMITS_H 1
| #define HAVE_NETDB_H 1
| #define HAVE_NETINET_IN_H 1
| #define HAVE_STDDEF_H 1
| #define HAVE_STDLIB_H 1
| #define HAVE_STRING_H 1
| #define HAVE_STRINGS_H 1
| #define HAVE_SYS_IOCTL_H 1
| #define HAVE_SYS_PARAM_H 1
| #define HAVE_SYS_SOCKET_H 1
| #define HAVE_SYS_TIME_H 1
| #define HAVE_UNISTD_H 1
| #define HAVE_LIBZ 1
| #define HAVE_LIBPCRE 1
| #define HAVE_LIBGEOIP 1
| #define HAVE__BOOL 1
| /* end confdefs.h.  */
| #include <stdio.h>
| #ifdef HAVE_SYS_TYPES_H
| # include <sys/types.h>
| #endif
| #ifdef HAVE_SYS_STAT_H
| # include <sys/stat.h>
| #endif
| #ifdef STDC_HEADERS
| # include <stdlib.h>
| # include <stddef.h>
| #else
| # ifdef HAVE_STDLIB_H
| #  include <stdlib.h>
| # endif
| #endif
| #ifdef HAVE_STRING_H
| # if !defined STDC_HEADERS && defined HAVE_MEMORY_H
| #  include <memory.h>
| # endif
| # include <string.h>
| #endif
| #ifdef HAVE_STRINGS_H
| # include <strings.h>
| #endif
| #ifdef HAVE_INTTYPES_H
| # include <inttypes.h>
| #endif
| #ifdef HAVE_STDINT_H
| # include <stdint.h>
| #endif
| #ifdef HAVE_UNISTD_H
| # include <unistd.h>
| #endif
| int
| main ()
| {
| if (sizeof ((off_t)))
| 	    return 0;
|   ;
|   return 0;
| }
configure:6153: result: yes
configure:6164: checking for pid_t
configure:6164: gcc -c -g -O2 -fstack-protector    -I/usr/include conftest.c >&5
configure:6164: $? = 0
configure:6164: gcc -c -g -O2 -fstack-protector    -I/usr/include conftest.c >&5
conftest.c: In function 'main':
conftest.c:74:20: error: expected expression before ')' token
 if (sizeof ((pid_t)))
                    ^
configure:6164: $? = 1
configure: failed program was:
| /* confdefs.h */
| #define PACKAGE_NAME "lsmcd"
| #define PACKAGE_TARNAME "lsmcd"
| #define PACKAGE_VERSION "1.0.01"
| #define PACKAGE_STRING "lsmcd 1.0.01"
| #define PACKAGE_BUGREPORT "info@litespeedtech.com"
| #define PACKAGE_URL "http://www.litespeedtech.com/"
| #define STDC_HEADERS 1
| #define HAVE_SYS_TYPES_H 1
| #define HAVE_SYS_STAT_H 1
| #define HAVE_STDLIB_H 1
| #define HAVE_STRING_H 1
| #define HAVE_MEMORY_H 1
| #define HAVE_STRINGS_H 1
| #define HAVE_INTTYPES_H 1
| #define HAVE_STDINT_H 1
| #define HAVE_UNISTD_H 1
| #define HAVE_ARPA_INET_H 1
| #define HAVE_FCNTL_H 1
| #define HAVE_INTTYPES_H 1
| #define HAVE_LIMITS_H 1
| #define HAVE_NETDB_H 1
| #define HAVE_NETINET_IN_H 1
| #define HAVE_STDDEF_H 1
| #define HAVE_STDLIB_H 1
| #define HAVE_STRING_H 1
| #define HAVE_STRINGS_H 1
| #define HAVE_SYS_IOCTL_H 1
| #define HAVE_SYS_PARAM_H 1
| #define HAVE_SYS_SOCKET_H 1
| #define HAVE_SYS_TIME_H 1
| #define HAVE_UNISTD_H 1
| #define HAVE_LIBZ 1
| #define HAVE_LIBPCRE 1
| #define HAVE_LIBGEOIP 1
| #define HAVE__BOOL 1
| /* end confdefs.h.  */
| #include <stdio.h>
| #ifdef HAVE_SYS_TYPES_H
| # include <sys/types.h>
| #endif
| #ifdef HAVE_SYS_STAT_H
| # include <sys/stat.h>
| #endif
| #ifdef STDC_HEADERS
| # include <stdlib.h>
| # include <stddef.h>
| #else
| # ifdef HAVE_STDLIB_H
| #  include <stdlib.h>
| # endif
| #endif
| #ifdef HAVE_STRING_H
| # if !defined STDC_HEADERS && defined HAVE_MEMORY_H
| #  include <memory.h>
| # endif
| # include <string.h>
| #endif
| #ifdef HAVE_STRINGS_H
| # include <strings.h>
| #endif
| #ifdef HAVE_INTTYPES_H
| # include <inttypes.h>
| #endif
| #ifdef HAVE_STDINT_H
| # include <stdint.h>
| #endif
| #ifdef HAVE_UNISTD_H
| # include <unistd.h>
| #endif
| int
| main ()
| {
| if (sizeof ((pid_t)))
| 	    return 0;
|   ;
|   return 0;
| }
configure:6164: result: yes
configure:6175: checking for size_t
configure:6175: gcc -c -g -O2 -fstack-protector    -I/usr/include conftest.c >&5
configure:6175: $? = 0
configure:6175: gcc -c -g -O2 -fstack-protector    -I/usr/include conftest.c >&5
conftest.c: In function 'main':
conftest.c:74:21: error: expected expression before ')' token
 if (sizeof ((size_t)))
                     ^
configure:6175: $? = 1
configure: failed program was:
| /* confdefs.h */
| #define PACKAGE_NAME "lsmcd"
| #define PACKAGE_TARNAME "lsmcd"
| #define PACKAGE_VERSION "1.0.01"
| #define PACKAGE_STRING "lsmcd 1.0.01"
| #define PACKAGE_BUGREPORT "info@litespeedtech.com"
| #define PACKAGE_URL "http://www.litespeedtech.com/"
| #define STDC_HEADERS 1
| #define HAVE_SYS_TYPES_H 1
| #define HAVE_SYS_STAT_H 1
| #define HAVE_STDLIB_H 1
| #define HAVE_STRING_H 1
| #define HAVE_MEMORY_H 1
| #define HAVE_STRINGS_H 1
| #define HAVE_INTTYPES_H 1
| #define HAVE_STDINT_H 1
| #define HAVE_UNISTD_H 1
| #define HAVE_ARPA_INET_H 1
| #define HAVE_FCNTL_H 1
| #define HAVE_INTTYPES_H 1
| #define HAVE_LIMITS_H 1
| #define HAVE_NETDB_H 1
| #define HAVE_NETINET_IN_H 1
| #define HAVE_STDDEF_H 1
| #define HAVE_STDLIB_H 1
| #define HAVE_STRING_H 1
| #define HAVE_STRINGS_H 1
| #define HAVE_SYS_IOCTL_H 1
| #define HAVE_SYS_PARAM_H 1
| #define HAVE_SYS_SOCKET_H 1
| #define HAVE_SYS_TIME_H 1
| #define HAVE_UNISTD_H 1
| #define HAVE_LIBZ 1
| #define HAVE_LIBPCRE 1
| #define HAVE_LIBGEOIP 1
| #define HAVE__BOOL 1
| /* end confdefs.h.  */
| #include <stdio.h>
| #ifdef HAVE_SYS_TYPES_H
| # include <sys/types.h>
| #endif
| #ifdef HAVE_SYS_STAT_H
| # include <sys/stat.h>
| #endif
| #ifdef STDC_HEADERS
| # include <stdlib.h>
| # include <stddef.h>
| #else
| # ifdef HAVE_STDLIB_H
| #  include <stdlib.h>
| # endif
| #endif
| #ifdef HAVE_STRING_H
| # if !defined STDC_HEADERS && defined HAVE_MEMORY_H
| #  include <memory.h>
| # endif
| # include <string.h>
| #endif
| #ifdef HAVE_STRINGS_H
| # include <strings.h>
| #endif
| #ifdef HAVE_INTTYPES_H
| # include <inttypes.h>
| #endif
| #ifdef HAVE_STDINT_H
| # include <stdint.h>
| #endif
| #ifdef HAVE_UNISTD_H
| # include <unistd.h>
| #endif
| int
| main ()
| {
| if (sizeof ((size_t)))
| 	    return 0;
|   ;
|   return 0;
| }
configure:6175: result: yes
configure:6186: checking for ssize_t
configure:6186: gcc -c -g -O2 -fstack-protector    -I/usr/include conftest.c >&5
configure:6186: $? = 0
configure:6186: gcc -c -g -O2 -fstack-protector    -I/usr/include conftest.c >&5
conftest.c: In function 'main':
conftest.c:74:22: error: expected expression before ')' token
 if (sizeof ((ssize_t)))
                      ^
configure:6186: $? = 1
configure: failed program was:
| /* confdefs.h */
| #define PACKAGE_NAME "lsmcd"
| #define PACKAGE_TARNAME "lsmcd"
| #define PACKAGE_VERSION "1.0.01"
| #define PACKAGE_STRING "lsmcd 1.0.01"
| #define PACKAGE_BUGREPORT "info@litespeedtech.com"
| #define PACKAGE_URL "http://www.litespeedtech.com/"
| #define STDC_HEADERS 1
| #define HAVE_SYS_TYPES_H 1
| #define HAVE_SYS_STAT_H 1
| #define HAVE_STDLIB_H 1
| #define HAVE_STRING_H 1
| #define HAVE_MEMORY_H 1
| #define HAVE_STRINGS_H 1
| #define HAVE_INTTYPES_H 1
| #define HAVE_STDINT_H 1
| #define HAVE_UNISTD_H 1
| #define HAVE_ARPA_INET_H 1
| #define HAVE_FCNTL_H 1
| #define HAVE_INTTYPES_H 1
| #define HAVE_LIMITS_H 1
| #define HAVE_NETDB_H 1
| #define HAVE_NETINET_IN_H 1
| #define HAVE_STDDEF_H 1
| #define HAVE_STDLIB_H 1
| #define HAVE_STRING_H 1
| #define HAVE_STRINGS_H 1
| #define HAVE_SYS_IOCTL_H 1
| #define HAVE_SYS_PARAM_H 1
| #define HAVE_SYS_SOCKET_H 1
| #define HAVE_SYS_TIME_H 1
| #define HAVE_UNISTD_H 1
| #define HAVE_LIBZ 1
| #define HAVE_LIBPCRE 1
| #define HAVE_LIBGEOIP 1
| #define HAVE__BOOL 1
| /* end confdefs.h.  */
| #include <stdio.h>
| #ifdef HAVE_SYS_TYPES_H
| # include <sys/types.h>
| #endif
| #ifdef HAVE_SYS_STAT_H
| # include <sys/stat.h>
| #endif
| #ifdef STDC_HEADERS
| # include <stdlib.h>
| # include <stddef.h>
| #else
| # ifdef HAVE_STDLIB_H
| #  include <stdlib.h>
| # endif
| #endif
| #ifdef HAVE_STRING_H
| # if !defined STDC_HEADERS && defined HAVE_MEMORY_H
| #  include <memory.h>
| # endif
| # include <string.h>
| #endif
| #ifdef HAVE_STRINGS_H
| # include <strings.h>
| #endif
| #ifdef HAVE_INTTYPES_H
| # include <inttypes.h>
| #endif
| #ifdef HAVE_STDINT_H
| # include <stdint.h>
| #endif
| #ifdef HAVE_UNISTD_H
| # include <unistd.h>
| #endif
| int
| main ()
| {
| if (sizeof ((ssize_t)))
| 	    return 0;
|   ;
|   return 0;
| }
configure:6186: result: yes
configure:6197: checking for uint16_t
configure:6197: gcc -c -g -O2 -fstack-protector    -I/usr/include conftest.c >&5
configure:6197: $? = 0
configure:6197: result: yes
configure:6209: checking for uint32_t
configure:6209: gcc -c -g -O2 -fstack-protector    -I/usr/include conftest.c >&5
configure:6209: $? = 0
configure:6209: result: yes
configure:6223: checking for ptrdiff_t
configure:6223: gcc -c -g -O2 -fstack-protector    -I/usr/include conftest.c >&5
configure:6223: $? = 0
configure:6223: gcc -c -g -O2 -fstack-protector    -I/usr/include conftest.c >&5
conftest.c: In function 'main':
conftest.c:74:24: error: expected expression before ')' token
 if (sizeof ((ptrdiff_t)))
                        ^
configure:6223: $? = 1
configure: failed program was:
| /* confdefs.h */
| #define PACKAGE_NAME "lsmcd"
| #define PACKAGE_TARNAME "lsmcd"
| #define PACKAGE_VERSION "1.0.01"
| #define PACKAGE_STRING "lsmcd 1.0.01"
| #define PACKAGE_BUGREPORT "info@litespeedtech.com"
| #define PACKAGE_URL "http://www.litespeedtech.com/"
| #define STDC_HEADERS 1
| #define HAVE_SYS_TYPES_H 1
| #define HAVE_SYS_STAT_H 1
| #define HAVE_STDLIB_H 1
| #define HAVE_STRING_H 1
| #define HAVE_MEMORY_H 1
| #define HAVE_STRINGS_H 1
| #define HAVE_INTTYPES_H 1
| #define HAVE_STDINT_H 1
| #define HAVE_UNISTD_H 1
| #define HAVE_ARPA_INET_H 1
| #define HAVE_FCNTL_H 1
| #define HAVE_INTTYPES_H 1
| #define HAVE_LIMITS_H 1
| #define HAVE_NETDB_H 1
| #define HAVE_NETINET_IN_H 1
| #define HAVE_STDDEF_H 1
| #define HAVE_STDLIB_H 1
| #define HAVE_STRING_H 1
| #define HAVE_STRINGS_H 1
| #define HAVE_SYS_IOCTL_H 1
| #define HAVE_SYS_PARAM_H 1
| #define HAVE_SYS_SOCKET_H 1
| #define HAVE_SYS_TIME_H 1
| #define HAVE_UNISTD_H 1
| #define HAVE_LIBZ 1
| #define HAVE_LIBPCRE 1
| #define HAVE_LIBGEOIP 1
| #define HAVE__BOOL 1
| /* end confdefs.h.  */
| #include <stdio.h>
| #ifdef HAVE_SYS_TYPES_H
| # include <sys/types.h>
| #endif
| #ifdef HAVE_SYS_STAT_H
| # include <sys/stat.h>
| #endif
| #ifdef STDC_HEADERS
| # include <stdlib.h>
| # include <stddef.h>
| #else
| # ifdef HAVE_STDLIB_H
| #  include <stdlib.h>
| # endif
| #endif
| #ifdef HAVE_STRING_H
| # if !defined STDC_HEADERS && defined HAVE_MEMORY_H
| #  include <memory.h>
| # endif
| # include <string.h>
| #endif
| #ifdef HAVE_STRINGS_H
| # include <strings.h>
| #endif
| #ifdef HAVE_INTTYPES_H
| # include <inttypes.h>
| #endif
| #ifdef HAVE_STDINT_H
| # include <stdint.h>
| #endif
| #ifdef HAVE_UNISTD_H
| # include <unistd.h>
| #endif
| int
| main ()
| {
| if (sizeof ((ptrdiff_t)))
| 	    return 0;
|   ;
|   return 0;
| }
configure:6223: result: yes
configure:6237: checking for unistd.h
configure:6237: result: yes
configure:6247: checking for working chown
configure:6280: gcc -o conftest -g -O2 -fstack-protector    -I/usr/include -L/usr/lib64  -L/usr/lib64 -Wl,-rpath,/usr/lib64 conftest.c -lcrypt -lGeoIP -L/usr/lib64  -L/usr/lib64 -Wl,-rpath,/usr/lib64 -L/usr/lib64 -lexpat >&5
configure:6280: $? = 0
configure:6280: ./conftest
configure:6280: $? = 0
configure:6292: result: yes
configure:6300: checking for error_at_line
configure:6316: gcc -o conftest -g -O2 -fstack-protector    -I/usr/include -L/usr/lib64  -L/usr/lib64 -Wl,-rpath,/usr/lib64 conftest.c -lcrypt -lGeoIP -L/usr/lib64  -L/usr/lib64 -Wl,-rpath,/usr/lib64 -L/usr/lib64 -lexpat >&5
configure:6316: $? = 0
configure:6324: result: yes
configure:6337: checking vfork.h usability
configure:6337: gcc -c -g -O2 -fstack-protector    -I/usr/include conftest.c >&5
conftest.c:74:19: fatal error: vfork.h: No such file or directory
 #include <vfork.h>
                   ^
compilation terminated.
configure:6337: $? = 1
configure: failed program was:
| /* confdefs.h */
| #define PACKAGE_NAME "lsmcd"
| #define PACKAGE_TARNAME "lsmcd"
| #define PACKAGE_VERSION "1.0.01"
| #define PACKAGE_STRING "lsmcd 1.0.01"
| #define PACKAGE_BUGREPORT "info@litespeedtech.com"
| #define PACKAGE_URL "http://www.litespeedtech.com/"
| #define STDC_HEADERS 1
| #define HAVE_SYS_TYPES_H 1
| #define HAVE_SYS_STAT_H 1
| #define HAVE_STDLIB_H 1
| #define HAVE_STRING_H 1
| #define HAVE_MEMORY_H 1
| #define HAVE_STRINGS_H 1
| #define HAVE_INTTYPES_H 1
| #define HAVE_STDINT_H 1
| #define HAVE_UNISTD_H 1
| #define HAVE_ARPA_INET_H 1
| #define HAVE_FCNTL_H 1
| #define HAVE_INTTYPES_H 1
| #define HAVE_LIMITS_H 1
| #define HAVE_NETDB_H 1
| #define HAVE_NETINET_IN_H 1
| #define HAVE_STDDEF_H 1
| #define HAVE_STDLIB_H 1
| #define HAVE_STRING_H 1
| #define HAVE_STRINGS_H 1
| #define HAVE_SYS_IOCTL_H 1
| #define HAVE_SYS_PARAM_H 1
| #define HAVE_SYS_SOCKET_H 1
| #define HAVE_SYS_TIME_H 1
| #define HAVE_UNISTD_H 1
| #define HAVE_LIBZ 1
| #define HAVE_LIBPCRE 1
| #define HAVE_LIBGEOIP 1
| #define HAVE__BOOL 1
| #define HAVE_PTRDIFF_T 1
| #define HAVE_UNISTD_H 1
| #define HAVE_CHOWN 1
| /* end confdefs.h.  */
| #include <stdio.h>
| #ifdef HAVE_SYS_TYPES_H
| # include <sys/types.h>
| #endif
| #ifdef HAVE_SYS_STAT_H
| # include <sys/stat.h>
| #endif
| #ifdef STDC_HEADERS
| # include <stdlib.h>
| # include <stddef.h>
| #else
| # ifdef HAVE_STDLIB_H
| #  include <stdlib.h>
| # endif
| #endif
| #ifdef HAVE_STRING_H
| # if !defined STDC_HEADERS && defined HAVE_MEMORY_H
| #  include <memory.h>
| # endif
| # include <string.h>
| #endif
| #ifdef HAVE_STRINGS_H
| # include <strings.h>
| #endif
| #ifdef HAVE_INTTYPES_H
| # include <inttypes.h>
| #endif
| #ifdef HAVE_STDINT_H
| # include <stdint.h>
| #endif
| #ifdef HAVE_UNISTD_H
| # include <unistd.h>
| #endif
| #include <vfork.h>
configure:6337: result: no
configure:6337: checking vfork.h presence
configure:6337: gcc -E  -I/usr/include conftest.c
conftest.c:41:19: fatal error: vfork.h: No such file or directory
 #include <vfork.h>
                   ^
compilation terminated.
configure:6337: $? = 1
configure: failed program was:
| /* confdefs.h */
| #define PACKAGE_NAME "lsmcd"
| #define PACKAGE_TARNAME "lsmcd"
| #define PACKAGE_VERSION "1.0.01"
| #define PACKAGE_STRING "lsmcd 1.0.01"
| #define PACKAGE_BUGREPORT "info@litespeedtech.com"
| #define PACKAGE_URL "http://www.litespeedtech.com/"
| #define STDC_HEADERS 1
| #define HAVE_SYS_TYPES_H 1
| #define HAVE_SYS_STAT_H 1
| #define HAVE_STDLIB_H 1
| #define HAVE_STRING_H 1
| #define HAVE_MEMORY_H 1
| #define HAVE_STRINGS_H 1
| #define HAVE_INTTYPES_H 1
| #define HAVE_STDINT_H 1
| #define HAVE_UNISTD_H 1
| #define HAVE_ARPA_INET_H 1
| #define HAVE_FCNTL_H 1
| #define HAVE_INTTYPES_H 1
| #define HAVE_LIMITS_H 1
| #define HAVE_NETDB_H 1
| #define HAVE_NETINET_IN_H 1
| #define HAVE_STDDEF_H 1
| #define HAVE_STDLIB_H 1
| #define HAVE_STRING_H 1
| #define HAVE_STRINGS_H 1
| #define HAVE_SYS_IOCTL_H 1
| #define HAVE_SYS_PARAM_H 1
| #define HAVE_SYS_SOCKET_H 1
| #define HAVE_SYS_TIME_H 1
| #define HAVE_UNISTD_H 1
| #define HAVE_LIBZ 1
| #define HAVE_LIBPCRE 1
| #define HAVE_LIBGEOIP 1
| #define HAVE__BOOL 1
| #define HAVE_PTRDIFF_T 1
| #define HAVE_UNISTD_H 1
| #define HAVE_CHOWN 1
| /* end confdefs.h.  */
| #include <vfork.h>
configure:6337: result: no
configure:6337: checking for vfork.h
configure:6337: result: no
configure:6350: checking for fork
configure:6350: gcc -o conftest -g -O2 -fstack-protector    -I/usr/include -L/usr/lib64  -L/usr/lib64 -Wl,-rpath,/usr/lib64 conftest.c -lcrypt -lGeoIP -L/usr/lib64  -L/usr/lib64 -Wl,-rpath,/usr/lib64 -L/usr/lib64 -lexpat >&5
conftest.c:64:6: warning: conflicting types for built-in function 'fork' [enabled by default]
 char fork ();
      ^
configure:6350: $? = 0
configure:6350: result: yes
configure:6350: checking for vfork
configure:6350: gcc -o conftest -g -O2 -fstack-protector    -I/usr/include -L/usr/lib64  -L/usr/lib64 -Wl,-rpath,/usr/lib64 conftest.c -lcrypt -lGeoIP -L/usr/lib64  -L/usr/lib64 -Wl,-rpath,/usr/lib64 -L/usr/lib64 -lexpat >&5
configure:6350: $? = 0
configure:6350: result: yes
configure:6360: checking for working fork
configure:6382: gcc -o conftest -g -O2 -fstack-protector    -I/usr/include -L/usr/lib64  -L/usr/lib64 -Wl,-rpath,/usr/lib64 conftest.c -lcrypt -lGeoIP -L/usr/lib64  -L/usr/lib64 -Wl,-rpath,/usr/lib64 -L/usr/lib64 -lexpat >&5
configure:6382: $? = 0
configure:6382: ./conftest
configure:6382: $? = 0
configure:6392: result: yes
configure:6413: checking for working vfork
configure:6523: result: yes
configure:6548: checking for _LARGEFILE_SOURCE value needed for large files
configure:6567: gcc -o conftest -g -O2 -fstack-protector    -I/usr/include -L/usr/lib64  -L/usr/lib64 -Wl,-rpath,/usr/lib64 conftest.c -lcrypt -lGeoIP -L/usr/lib64  -L/usr/lib64 -Wl,-rpath,/usr/lib64 -L/usr/lib64 -lexpat >&5
configure:6567: $? = 0
configure:6595: result: no
configure:6616: checking whether lstat correctly handles trailing slash
configure:6642: gcc -o conftest -g -O2 -fstack-protector    -I/usr/include -L/usr/lib64  -L/usr/lib64 -Wl,-rpath,/usr/lib64 conftest.c -lcrypt -lGeoIP -L/usr/lib64  -L/usr/lib64 -Wl,-rpath,/usr/lib64 -L/usr/lib64 -lexpat >&5
configure:6642: $? = 0
configure:6642: ./conftest
configure:6642: $? = 0
configure:6659: result: yes
configure:6685: checking for stdlib.h
configure:6685: result: yes
configure:6685: checking for unistd.h
configure:6685: result: yes
configure:6685: checking for sys/param.h
configure:6685: result: yes
configure:6705: checking for getpagesize
configure:6705: gcc -o conftest -g -O2 -fstack-protector    -I/usr/include -L/usr/lib64  -L/usr/lib64 -Wl,-rpath,/usr/lib64 conftest.c -lcrypt -lGeoIP -L/usr/lib64  -L/usr/lib64 -Wl,-rpath,/usr/lib64 -L/usr/lib64 -lexpat >&5
configure:6705: $? = 0
configure:6705: result: yes
configure:6714: checking for working mmap
configure:6861: gcc -o conftest -g -O2 -fstack-protector    -I/usr/include -L/usr/lib64  -L/usr/lib64 -Wl,-rpath,/usr/lib64 conftest.c -lcrypt -lGeoIP -L/usr/lib64  -L/usr/lib64 -Wl,-rpath,/usr/lib64 -L/usr/lib64 -lexpat >&5
configure:6861: $? = 0
configure:6861: ./conftest
configure:6861: $? = 0
configure:6871: result: yes
configure:6882: checking for stdlib.h
configure:6882: result: yes
configure:6892: checking for GNU libc compatible realloc
configure:6916: gcc -o conftest -g -O2 -fstack-protector    -I/usr/include -L/usr/lib64  -L/usr/lib64 -Wl,-rpath,/usr/lib64 conftest.c -lcrypt -lGeoIP -L/usr/lib64  -L/usr/lib64 -Wl,-rpath,/usr/lib64 -L/usr/lib64 -lexpat >&5
configure:6916: $? = 0
configure:6916: ./conftest
configure:6916: $? = 0
configure:6926: result: yes
configure:6950: checking for malloc
configure:6950: gcc -o conftest -g -O2 -fstack-protector    -I/usr/include -L/usr/lib64  -L/usr/lib64 -Wl,-rpath,/usr/lib64 conftest.c -lcrypt -lGeoIP -L/usr/lib64  -L/usr/lib64 -Wl,-rpath,/usr/lib64 -L/usr/lib64 -lexpat >&5
conftest.c:77:6: warning: conflicting types for built-in function 'malloc' [enabled by default]
 char malloc ();
      ^
configure:6950: $? = 0
configure:6950: result: yes
configure:6950: checking for bzero
configure:6950: gcc -o conftest -g -O2 -fstack-protector    -I/usr/include -L/usr/lib64  -L/usr/lib64 -Wl,-rpath,/usr/lib64 conftest.c -lcrypt -lGeoIP -L/usr/lib64  -L/usr/lib64 -Wl,-rpath,/usr/lib64 -L/usr/lib64 -lexpat >&5
conftest.c:78:6: warning: conflicting types for built-in function 'bzero' [enabled by default]
 char bzero ();
      ^
configure:6950: $? = 0
configure:6950: result: yes
configure:6950: checking for dup2
configure:6950: gcc -o conftest -g -O2 -fstack-protector    -I/usr/include -L/usr/lib64  -L/usr/lib64 -Wl,-rpath,/usr/lib64 conftest.c -lcrypt -lGeoIP -L/usr/lib64  -L/usr/lib64 -Wl,-rpath,/usr/lib64 -L/usr/lib64 -lexpat >&5
configure:6950: $? = 0
configure:6950: result: yes
configure:6950: checking for ftruncate
configure:6950: gcc -o conftest -g -O2 -fstack-protector    -I/usr/include -L/usr/lib64  -L/usr/lib64 -Wl,-rpath,/usr/lib64 conftest.c -lcrypt -lGeoIP -L/usr/lib64  -L/usr/lib64 -Wl,-rpath,/usr/lib64 -L/usr/lib64 -lexpat >&5
configure:6950: $? = 0
configure:6950: result: yes
configure:6950: checking for getcwd
configure:6950: gcc -o conftest -g -O2 -fstack-protector    -I/usr/include -L/usr/lib64  -L/usr/lib64 -Wl,-rpath,/usr/lib64 conftest.c -lcrypt -lGeoIP -L/usr/lib64  -L/usr/lib64 -Wl,-rpath,/usr/lib64 -L/usr/lib64 -lexpat >&5
configure:6950: $? = 0
configure:6950: result: yes
configure:6950: checking for gethostbyaddr
configure:6950: gcc -o conftest -g -O2 -fstack-protector    -I/usr/include -L/usr/lib64  -L/usr/lib64 -Wl,-rpath,/usr/lib64 conftest.c -lcrypt -lGeoIP -L/usr/lib64  -L/usr/lib64 -Wl,-rpath,/usr/lib64 -L/usr/lib64 -lexpat >&5
configure:6950: $? = 0
configure:6950: result: yes
configure:6950: checking for gethostbyname
configure:6950: gcc -o conftest -g -O2 -fstack-protector    -I/usr/include -L/usr/lib64  -L/usr/lib64 -Wl,-rpath,/usr/lib64 conftest.c -lcrypt -lGeoIP -L/usr/lib64  -L/usr/lib64 -Wl,-rpath,/usr/lib64 -L/usr/lib64 -lexpat >&5
configure:6950: $? = 0
configure:6950: result: yes
configure:6950: checking for gettimeofday
configure:6950: gcc -o conftest -g -O2 -fstack-protector    -I/usr/include -L/usr/lib64  -L/usr/lib64 -Wl,-rpath,/usr/lib64 conftest.c -lcrypt -lGeoIP -L/usr/lib64  -L/usr/lib64 -Wl,-rpath,/usr/lib64 -L/usr/lib64 -lexpat >&5
configure:6950: $? = 0
configure:6950: result: yes
configure:6950: checking for inet_ntoa
configure:6950: gcc -o conftest -g -O2 -fstack-protector    -I/usr/include -L/usr/lib64  -L/usr/lib64 -Wl,-rpath,/usr/lib64 conftest.c -lcrypt -lGeoIP -L/usr/lib64  -L/usr/lib64 -Wl,-rpath,/usr/lib64 -L/usr/lib64 -lexpat >&5
configure:6950: $? = 0
configure:6950: result: yes
configure:6950: checking for localtime_r
configure:6950: gcc -o conftest -g -O2 -fstack-protector    -I/usr/include -L/usr/lib64  -L/usr/lib64 -Wl,-rpath,/usr/lib64 conftest.c -lcrypt -lGeoIP -L/usr/lib64  -L/usr/lib64 -Wl,-rpath,/usr/lib64 -L/usr/lib64 -lexpat >&5
configure:6950: $? = 0
configure:6950: result: yes
configure:6950: checking for memchr
configure:6950: gcc -o conftest -g -O2 -fstack-protector    -I/usr/include -L/usr/lib64  -L/usr/lib64 -Wl,-rpath,/usr/lib64 conftest.c -lcrypt -lGeoIP -L/usr/lib64  -L/usr/lib64 -Wl,-rpath,/usr/lib64 -L/usr/lib64 -lexpat >&5
conftest.c:87:6: warning: conflicting types for built-in function 'memchr' [enabled by default]
 char memchr ();
      ^
configure:6950: $? = 0
configure:6950: result: yes
configure:6950: checking for memmove
configure:6950: gcc -o conftest -g -O2 -fstack-protector    -I/usr/include -L/usr/lib64  -L/usr/lib64 -Wl,-rpath,/usr/lib64 conftest.c -lcrypt -lGeoIP -L/usr/lib64  -L/usr/lib64 -Wl,-rpath,/usr/lib64 -L/usr/lib64 -lexpat >&5
conftest.c:88:6: warning: conflicting types for built-in function 'memmove' [enabled by default]
 char memmove ();
      ^
configure:6950: $? = 0
configure:6950: result: yes
configure:6950: checking for memset
configure:6950: gcc -o conftest -g -O2 -fstack-protector    -I/usr/include -L/usr/lib64  -L/usr/lib64 -Wl,-rpath,/usr/lib64 conftest.c -lcrypt -lGeoIP -L/usr/lib64  -L/usr/lib64 -Wl,-rpath,/usr/lib64 -L/usr/lib64 -lexpat >&5
conftest.c:89:6: warning: conflicting types for built-in function 'memset' [enabled by default]
 char memset ();
      ^
configure:6950: $? = 0
configure:6950: result: yes
configure:6950: checking for mkdir
configure:6950: gcc -o conftest -g -O2 -fstack-protector    -I/usr/include -L/usr/lib64  -L/usr/lib64 -Wl,-rpath,/usr/lib64 conftest.c -lcrypt -lGeoIP -L/usr/lib64  -L/usr/lib64 -Wl,-rpath,/usr/lib64 -L/usr/lib64 -lexpat >&5
configure:6950: $? = 0
configure:6950: result: yes
configure:6950: checking for munmap
configure:6950: gcc -o conftest -g -O2 -fstack-protector    -I/usr/include -L/usr/lib64  -L/usr/lib64 -Wl,-rpath,/usr/lib64 conftest.c -lcrypt -lGeoIP -L/usr/lib64  -L/usr/lib64 -Wl,-rpath,/usr/lib64 -L/usr/lib64 -lexpat >&5
configure:6950: $? = 0
configure:6950: result: yes
configure:6950: checking for select
configure:6950: gcc -o conftest -g -O2 -fstack-protector    -I/usr/include -L/usr/lib64  -L/usr/lib64 -Wl,-rpath,/usr/lib64 conftest.c -lcrypt -lGeoIP -L/usr/lib64  -L/usr/lib64 -Wl,-rpath,/usr/lib64 -L/usr/lib64 -lexpat >&5
configure:6950: $? = 0
configure:6950: result: yes
configure:6950: checking for socket
configure:6950: gcc -o conftest -g -O2 -fstack-protector    -I/usr/include -L/usr/lib64  -L/usr/lib64 -Wl,-rpath,/usr/lib64 conftest.c -lcrypt -lGeoIP -L/usr/lib64  -L/usr/lib64 -Wl,-rpath,/usr/lib64 -L/usr/lib64 -lexpat >&5
configure:6950: $? = 0
configure:6950: result: yes
configure:6950: checking for strcasecmp
configure:6950: gcc -o conftest -g -O2 -fstack-protector    -I/usr/include -L/usr/lib64  -L/usr/lib64 -Wl,-rpath,/usr/lib64 conftest.c -lcrypt -lGeoIP -L/usr/lib64  -L/usr/lib64 -Wl,-rpath,/usr/lib64 -L/usr/lib64 -lexpat >&5
conftest.c:94:6: warning: conflicting types for built-in function 'strcasecmp' [enabled by default]
 char strcasecmp ();
      ^
configure:6950: $? = 0
configure:6950: result: yes
configure:6950: checking for strchr
configure:6950: gcc -o conftest -g -O2 -fstack-protector    -I/usr/include -L/usr/lib64  -L/usr/lib64 -Wl,-rpath,/usr/lib64 conftest.c -lcrypt -lGeoIP -L/usr/lib64  -L/usr/lib64 -Wl,-rpath,/usr/lib64 -L/usr/lib64 -lexpat >&5
conftest.c:95:6: warning: conflicting types for built-in function 'strchr' [enabled by default]
 char strchr ();
      ^
configure:6950: $? = 0
configure:6950: result: yes
configure:6950: checking for strcspn
configure:6950: gcc -o conftest -g -O2 -fstack-protector    -I/usr/include -L/usr/lib64  -L/usr/lib64 -Wl,-rpath,/usr/lib64 conftest.c -lcrypt -lGeoIP -L/usr/lib64  -L/usr/lib64 -Wl,-rpath,/usr/lib64 -L/usr/lib64 -lexpat >&5
conftest.c:96:6: warning: conflicting types for built-in function 'strcspn' [enabled by default]
 char strcspn ();
      ^
configure:6950: $? = 0
configure:6950: result: yes
configure:6950: checking for strdup
configure:6950: gcc -o conftest -g -O2 -fstack-protector    -I/usr/include -L/usr/lib64  -L/usr/lib64 -Wl,-rpath,/usr/lib64 conftest.c -lcrypt -lGeoIP -L/usr/lib64  -L/usr/lib64 -Wl,-rpath,/usr/lib64 -L/usr/lib64 -lexpat >&5
conftest.c:97:6: warning: conflicting types for built-in function 'strdup' [enabled by default]
 char strdup ();
      ^
configure:6950: $? = 0
configure:6950: result: yes
configure:6950: checking for strerror
configure:6950: gcc -o conftest -g -O2 -fstack-protector    -I/usr/include -L/usr/lib64  -L/usr/lib64 -Wl,-rpath,/usr/lib64 conftest.c -lcrypt -lGeoIP -L/usr/lib64  -L/usr/lib64 -Wl,-rpath,/usr/lib64 -L/usr/lib64 -lexpat >&5
configure:6950: $? = 0
configure:6950: result: yes
configure:6950: checking for strncasecmp
configure:6950: gcc -o conftest -g -O2 -fstack-protector    -I/usr/include -L/usr/lib64  -L/usr/lib64 -Wl,-rpath,/usr/lib64 conftest.c -lcrypt -lGeoIP -L/usr/lib64  -L/usr/lib64 -Wl,-rpath,/usr/lib64 -L/usr/lib64 -lexpat >&5
conftest.c:99:6: warning: conflicting types for built-in function 'strncasecmp' [enabled by default]
 char strncasecmp ();
      ^
configure:6950: $? = 0
configure:6950: result: yes
configure:6950: checking for strpbrk
configure:6950: gcc -o conftest -g -O2 -fstack-protector    -I/usr/include -L/usr/lib64  -L/usr/lib64 -Wl,-rpath,/usr/lib64 conftest.c -lcrypt -lGeoIP -L/usr/lib64  -L/usr/lib64 -Wl,-rpath,/usr/lib64 -L/usr/lib64 -lexpat >&5
conftest.c:100:6: warning: conflicting types for built-in function 'strpbrk' [enabled by default]
 char strpbrk ();
      ^
configure:6950: $? = 0
configure:6950: result: yes
configure:6950: checking for strrchr
configure:6950: gcc -o conftest -g -O2 -fstack-protector    -I/usr/include -L/usr/lib64  -L/usr/lib64 -Wl,-rpath,/usr/lib64 conftest.c -lcrypt -lGeoIP -L/usr/lib64  -L/usr/lib64 -Wl,-rpath,/usr/lib64 -L/usr/lib64 -lexpat >&5
conftest.c:101:6: warning: conflicting types for built-in function 'strrchr' [enabled by default]
 char strrchr ();
      ^
configure:6950: $? = 0
configure:6950: result: yes
configure:6950: checking for strspn
configure:6950: gcc -o conftest -g -O2 -fstack-protector    -I/usr/include -L/usr/lib64  -L/usr/lib64 -Wl,-rpath,/usr/lib64 conftest.c -lcrypt -lGeoIP -L/usr/lib64  -L/usr/lib64 -Wl,-rpath,/usr/lib64 -L/usr/lib64 -lexpat >&5
conftest.c:102:6: warning: conflicting types for built-in function 'strspn' [enabled by default]
 char strspn ();
      ^
configure:6950: $? = 0
configure:6950: result: yes
configure:6950: checking for strstr
configure:6950: gcc -o conftest -g -O2 -fstack-protector    -I/usr/include -L/usr/lib64  -L/usr/lib64 -Wl,-rpath,/usr/lib64 conftest.c -lcrypt -lGeoIP -L/usr/lib64  -L/usr/lib64 -Wl,-rpath,/usr/lib64 -L/usr/lib64 -lexpat >&5
conftest.c:103:6: warning: conflicting types for built-in function 'strstr' [enabled by default]
 char strstr ();
      ^
configure:6950: $? = 0
configure:6950: result: yes
configure:6950: checking for strtol
configure:6950: gcc -o conftest -g -O2 -fstack-protector    -I/usr/include -L/usr/lib64  -L/usr/lib64 -Wl,-rpath,/usr/lib64 conftest.c -lcrypt -lGeoIP -L/usr/lib64  -L/usr/lib64 -Wl,-rpath,/usr/lib64 -L/usr/lib64 -lexpat >&5
configure:6950: $? = 0
configure:6950: result: yes
configure:7094: checking that generated files are newer than configure
configure:7100: result: done
configure:7127: creating ./config.status

## ---------------------- ##
## Running config.status. ##
## ---------------------- ##

This file was extended by lsmcd config.status 1.0.01, which was
generated by GNU Autoconf 2.69.  Invocation command line was

  CONFIG_FILES    = 
  CONFIG_HEADERS  = 
  CONFIG_LINKS    = 
  CONFIG_COMMANDS = 
  $ ./config.status 

on linux-dduk

config.status:946: creating Makefile
config.status:946: creating src/Makefile
config.status:946: creating src/lcrepl/Makefile
config.status:946: creating src/repl/Makefile
config.status:946: creating src/memcache/Makefile
config.status:946: creating src/util/sysinfo/Makefile
config.status:946: creating src/edio/Makefile
config.status:946: creating src/log4cxx/Makefile
config.status:946: creating src/socket/Makefile
config.status:946: creating src/shm/Makefile
config.status:946: creating src/util/Makefile
config.status:946: creating src/lsr/Makefile
config.status:946: creating src/config.h
config.status:1175: executing depfiles commands

## ---------------- ##
## Cache variables. ##
## ---------------- ##

ac_cv_c_compiler_gnu=yes
ac_cv_c_inline=inline
ac_cv_c_int16_t=yes
ac_cv_c_int32_t=yes
ac_cv_c_int8_t=yes
ac_cv_c_uint16_t=yes
ac_cv_c_uint32_t=yes
ac_cv_cxx_compiler_gnu=yes
ac_cv_env_CCC_set=
ac_cv_env_CCC_value=
ac_cv_env_CC_set=
ac_cv_env_CC_value=
ac_cv_env_CFLAGS_set=
ac_cv_env_CFLAGS_value=
ac_cv_env_CPPFLAGS_set=
ac_cv_env_CPPFLAGS_value=
ac_cv_env_CPP_set=
ac_cv_env_CPP_value=
ac_cv_env_CXXFLAGS_set=
ac_cv_env_CXXFLAGS_value=
ac_cv_env_CXX_set=
ac_cv_env_CXX_value=
ac_cv_env_LDFLAGS_set=
ac_cv_env_LDFLAGS_value=
ac_cv_env_LIBS_set=
ac_cv_env_LIBS_value=
ac_cv_env_build_alias_set=
ac_cv_env_build_alias_value=
ac_cv_env_host_alias_set=
ac_cv_env_host_alias_value=
ac_cv_env_target_alias_set=
ac_cv_env_target_alias_value=
ac_cv_func_bzero=yes
ac_cv_func_chown_works=yes
ac_cv_func_dup2=yes
ac_cv_func_fork=yes
ac_cv_func_fork_works=yes
ac_cv_func_ftruncate=yes
ac_cv_func_getcwd=yes
ac_cv_func_gethostbyaddr=yes
ac_cv_func_gethostbyname=yes
ac_cv_func_getpagesize=yes
ac_cv_func_gettimeofday=yes
ac_cv_func_inet_ntoa=yes
ac_cv_func_localtime_r=yes
ac_cv_func_lstat_dereferences_slashed_symlink=yes
ac_cv_func_malloc=yes
ac_cv_func_memchr=yes
ac_cv_func_memmove=yes
ac_cv_func_memset=yes
ac_cv_func_mkdir=yes
ac_cv_func_mmap_fixed_mapped=yes
ac_cv_func_munmap=yes
ac_cv_func_realloc_0_nonnull=yes
ac_cv_func_select=yes
ac_cv_func_socket=yes
ac_cv_func_strcasecmp=yes
ac_cv_func_strchr=yes
ac_cv_func_strcspn=yes
ac_cv_func_strdup=yes
ac_cv_func_strerror=yes
ac_cv_func_strncasecmp=yes
ac_cv_func_strpbrk=yes
ac_cv_func_strrchr=yes
ac_cv_func_strspn=yes
ac_cv_func_strstr=yes
ac_cv_func_strtol=yes
ac_cv_func_vfork=yes
ac_cv_func_vfork_works=yes
ac_cv_header_arpa_inet_h=yes
ac_cv_header_fcntl_h=yes
ac_cv_header_inttypes_h=yes
ac_cv_header_limits_h=yes
ac_cv_header_memory_h=yes
ac_cv_header_netdb_h=yes
ac_cv_header_netinet_in_h=yes
ac_cv_header_stdbool_h=yes
ac_cv_header_stdc=yes
ac_cv_header_stddef_h=yes
ac_cv_header_stdint_h=yes
ac_cv_header_stdlib_h=yes
ac_cv_header_string_h=yes
ac_cv_header_strings_h=yes
ac_cv_header_sys_ioctl_h=yes
ac_cv_header_sys_param_h=yes
ac_cv_header_sys_socket_h=yes
ac_cv_header_sys_stat_h=yes
ac_cv_header_sys_time_h=yes
ac_cv_header_sys_types_h=yes
ac_cv_header_unistd_h=yes
ac_cv_header_vfork_h=no
ac_cv_header_zlib_h=yes
ac_cv_lib_GeoIP_GeoIP_id_by_addr=yes
ac_cv_lib_crypt_crypt=yes
ac_cv_lib_error_at_line=yes
ac_cv_lib_pcre_pcre_study=yes
ac_cv_lib_z_inflateEnd=yes
ac_cv_objext=o
ac_cv_path_EGREP='/usr/bin/grep -E'
ac_cv_path_GREP=/usr/bin/grep
ac_cv_path_install='/usr/bin/install -c'
ac_cv_path_mkdir=/usr/bin/mkdir
ac_cv_prog_AWK=gawk
ac_cv_prog_CPP='gcc -E'
ac_cv_prog_ac_ct_CC=gcc
ac_cv_prog_ac_ct_CXX=g++
ac_cv_prog_ac_ct_RANLIB=ranlib
ac_cv_prog_cc_c89=
ac_cv_prog_cc_g=yes
ac_cv_prog_cxx_g=yes
ac_cv_prog_make_make_set=yes
ac_cv_sys_largefile_source=no
ac_cv_type__Bool=yes
ac_cv_type_mode_t=yes
ac_cv_type_off_t=yes
ac_cv_type_pid_t=yes
ac_cv_type_ptrdiff_t=yes
ac_cv_type_size_t=yes
ac_cv_type_ssize_t=yes
ac_cv_type_uid_t=yes
am_cv_CC_dependencies_compiler_type=gcc3
am_cv_CXX_dependencies_compiler_type=gcc3
am_cv_make_support_nested_variables=yes
zlib_cv_libz=yes
zlib_cv_zlib_h=yes

## ----------------- ##
## Output variables. ##
## ----------------- ##

ACLOCAL='aclocal-1.13'
AMDEPBACKSLASH='\'
AMDEP_FALSE='#'
AMDEP_TRUE=''
AMTAR='$${TAR-tar}'
AM_BACKSLASH='\'
AM_DEFAULT_V='$(AM_DEFAULT_VERBOSITY)'
AM_DEFAULT_VERBOSITY='1'
AM_V='$(V)'
AUTOCONF='autoconf'
AUTOHEADER='autoheader'
AUTOMAKE='automake-1.13'
AWK='gawk'
CC='gcc'
CCDEPMODE='depmode=gcc3'
CFLAGS='-g -O2 -fstack-protector  '
CPP='gcc -E'
CPPFLAGS=' -I/usr/include'
CXX='g++'
CXXDEPMODE='depmode=gcc3'
CXXFLAGS='-g -O2 -fstack-protector  '
CYGPATH_W='echo'
DEFS='-DHAVE_CONFIG_H'
DEPDIR='.deps'
DL_LIB_OPTION=' -ldl'
ECHO_C=''
ECHO_N='-n'
ECHO_T=''
EGREP='/usr/bin/grep -E'
EXEEXT=''
EXPAT_CFLAGS='-I/usr/include'
EXPAT_LIBS='-L/usr/lib64 -lexpat'
EXPAT_VERSION='2.1.0'
GREP='/usr/bin/grep'
INSTALL_DATA='${INSTALL} -m 644'
INSTALL_PROGRAM='${INSTALL} $(INSTALL_STRIP_FLAG)'
INSTALL_SCRIPT='${INSTALL}'
INSTALL_STRIP_PROGRAM='$(install_sh) -c -s'
LDFLAGS='-L/usr/lib64  -L/usr/lib64 -Wl,-rpath,/usr/lib64 -Wl,--export-dynamic '
LIBOBJS=''
LIBS='-lcrypt -lGeoIP -L/usr/lib64  -L/usr/lib64 -Wl,-rpath,/usr/lib64 -L/usr/lib64 -lexpat'
LN_S='ln -s'
LTLIBOBJS=''
MAKEINFO='makeinfo'
MKDIR_P='/usr/bin/mkdir -p'
OBJEXT='o'
OPENLSWS_DISABLE_RPATH='no'
OPENLSWS_LIBDIR='lib64'
OPENSSL_INCLUDES='-I/usr/include'
OPENSSL_LDFLAGS='/usr/lib64'
OPENSSL_LIBS='-lssl -lcrypto'
PACKAGE='lsmcd'
PACKAGE_BUGREPORT='info@litespeedtech.com'
PACKAGE_NAME='lsmcd'
PACKAGE_STRING='lsmcd 1.0.01'
PACKAGE_TARNAME='lsmcd'
PACKAGE_URL='http://www.litespeedtech.com/'
PACKAGE_VERSION='1.0.01'
PATH_SEPARATOR=':'
PCRE_CFLAGS=''
PCRE_LDFLAGS=''
PCRE_LIBS='-lpcre'
RANLIB='ranlib'
RT_LIB_OPTION=' -lrt'
SET_MAKE=''
SHELL='/bin/sh'
STRIP=''
VERSION='1.0.01'
ac_ct_CC='gcc'
ac_ct_CXX='g++'
am__EXEEXT_FALSE=''
am__EXEEXT_TRUE='#'
am__fastdepCC_FALSE='#'
am__fastdepCC_TRUE=''
am__fastdepCXX_FALSE='#'
am__fastdepCXX_TRUE=''
am__include='include'
am__isrc=''
am__leading_dot='.'
am__nodep='_no'
am__quote=''
am__tar='$${TAR-tar} chof - "$$tardir"'
am__untar='$${TAR-tar} xf -'
bindir='${exec_prefix}/bin'
build_alias=''
datadir='${datarootdir}'
datarootdir='${prefix}/share'
docdir='${datarootdir}/doc/${PACKAGE_TARNAME}'
dvidir='${docdir}'
exec_prefix='${prefix}'
host_alias=''
htmldir='${docdir}'
includedir='${prefix}/include'
infodir='${datarootdir}/info'
install_sh='${SHELL} /tmp/tmp/lsmcd/install-sh'
libdir='${exec_prefix}/lib64'
libexecdir='${exec_prefix}/lib'
localedir='${datarootdir}/locale'
localstatedir='${prefix}/var'
mandir='${datarootdir}/man'
mkdir_p='$(MKDIR_P)'
oldincludedir='/usr/include'
pdfdir='${docdir}'
prefix='/usr/local/lsmcd'
program_transform_name='s,x,x,'
psdir='${docdir}'
sbindir='${exec_prefix}/sbin'
sharedstatedir='${prefix}/com'
sysconfdir='${prefix}/etc'
target_alias=''

## ----------- ##
## confdefs.h. ##
## ----------- ##

/* confdefs.h */
#define PACKAGE_NAME "lsmcd"
#define PACKAGE_TARNAME "lsmcd"
#define PACKAGE_VERSION "1.0.01"
#define PACKAGE_STRING "lsmcd 1.0.01"
#define PACKAGE_BUGREPORT "info@litespeedtech.com"
#define PACKAGE_URL "http://www.litespeedtech.com/"
#define STDC_HEADERS 1
#define HAVE_SYS_TYPES_H 1
#define HAVE_SYS_STAT_H 1
#define HAVE_STDLIB_H 1
#define HAVE_STRING_H 1
#define HAVE_MEMORY_H 1
#define HAVE_STRINGS_H 1
#define HAVE_INTTYPES_H 1
#define HAVE_STDINT_H 1
#define HAVE_UNISTD_H 1
#define HAVE_ARPA_INET_H 1
#define HAVE_FCNTL_H 1
#define HAVE_INTTYPES_H 1
#define HAVE_LIMITS_H 1
#define HAVE_NETDB_H 1
#define HAVE_NETINET_IN_H 1
#define HAVE_STDDEF_H 1
#define HAVE_STDLIB_H 1
#define HAVE_STRING_H 1
#define HAVE_STRINGS_H 1
#define HAVE_SYS_IOCTL_H 1
#define HAVE_SYS_PARAM_H 1
#define HAVE_SYS_SOCKET_H 1
#define HAVE_SYS_TIME_H 1
#define HAVE_UNISTD_H 1
#define HAVE_LIBZ 1
#define HAVE_LIBPCRE 1
#define HAVE_LIBGEOIP 1
#define HAVE__BOOL 1
#define HAVE_PTRDIFF_T 1
#define HAVE_UNISTD_H 1
#define HAVE_CHOWN 1
#define HAVE_FORK 1
#define HAVE_VFORK 1
#define HAVE_WORKING_VFORK 1
#define HAVE_WORKING_FORK 1
#define HAVE_FSEEKO 1
#define LSTAT_FOLLOWS_SLASHED_SYMLINK 1
#define HAVE_STDLIB_H 1
#define HAVE_UNISTD_H 1
#define HAVE_SYS_PARAM_H 1
#define HAVE_GETPAGESIZE 1
#define HAVE_MMAP 1
#define HAVE_STDLIB_H 1
#define HAVE_REALLOC 1
#define HAVE_MALLOC 1
#define HAVE_BZERO 1
#define HAVE_DUP2 1
#define HAVE_FTRUNCATE 1
#define HAVE_GETCWD 1
#define HAVE_GETHOSTBYADDR 1
#define HAVE_GETHOSTBYNAME 1
#define HAVE_GETTIMEOFDAY 1
#define HAVE_INET_NTOA 1
#define HAVE_LOCALTIME_R 1
#define HAVE_MEMCHR 1
#define HAVE_MEMMOVE 1
#define HAVE_MEMSET 1
#define HAVE_MKDIR 1
#define HAVE_MUNMAP 1
#define HAVE_SELECT 1
#define HAVE_SOCKET 1
#define HAVE_STRCASECMP 1
#define HAVE_STRCHR 1
#define HAVE_STRCSPN 1
#define HAVE_STRDUP 1
#define HAVE_STRERROR 1
#define HAVE_STRNCASECMP 1
#define HAVE_STRPBRK 1
#define HAVE_STRRCHR 1
#define HAVE_STRSPN 1
#define HAVE_STRSTR 1
#define HAVE_STRTOL 1

configure: exit 0

## ---------------------- ##
## Running config.status. ##
## ---------------------- ##

This file was extended by lsmcd config.status 1.0.01, which was
generated by GNU Autoconf 2.69.  Invocation command line was

  CONFIG_FILES    = 
  CONFIG_HEADERS  = 
  CONFIG_LINKS    = 
  CONFIG_COMMANDS = 
  $ ./config.status src/config.h

on linux-dduk

config.status:946: creating src/config.h
config.status:1127: src/config.h is unchanged
